# JRE version: Java(TM) SE Runtime Environment (8.0_211-b12) (build 1.8.0_211-b12)
# Java VM: Java HotSpot(TM) 64-Bit Server VM (25.211-b12 mixed mode windows-amd64 compressed oops)
Heap:
 PSYoungGen      total 70656K, used 60563K [0x00000000d6100000, 0x00000000dab00000, 0x0000000100000000)
  eden space 65536K, 86% used [0x00000000d6100000,0x00000000d98ac4f0,0x00000000da100000)
  from space 5120K, 69% used [0x00000000da600000,0x00000000da978898,0x00000000dab00000)
  to   space 5120K, 0% used [0x00000000da100000,0x00000000da100000,0x00000000da600000)
 ParOldGen       total 47104K, used 8087K [0x0000000082200000, 0x0000000085000000, 0x00000000d6100000)
  object space 47104K, 17% used [0x0000000082200000,0x00000000829e5ef0,0x0000000085000000)
 Metaspace       used 25513K, capacity 27034K, committed 27136K, reserved 1073152K
  class space    used 3275K, capacity 3547K, committed 3584K, reserved 1048576K
GC Heap History (10 events):
Event: 1.400 GC heap before
{Heap before GC invocations=3 (full 0):
 PSYoungGen      total 37888K, used 37872K [0x00000000d6100000, 0x00000000dab00000, 0x0000000100000000)
  eden space 32768K, 100% used [0x00000000d6100000,0x00000000d8100000,0x00000000d8100000)
  from space 5120K, 99% used [0x00000000d8600000,0x00000000d8afc208,0x00000000d8b00000)
  to   space 5120K, 0% used [0x00000000d8100000,0x00000000d8100000,0x00000000d8600000)
 ParOldGen       total 86016K, used 987K [0x0000000082200000, 0x0000000087600000, 0x00000000d6100000)
  object space 86016K, 1% used [0x0000000082200000,0x00000000822f6c40,0x0000000087600000)
 Metaspace       used 16840K, capacity 17670K, committed 18048K, reserved 1064960K
  class space    used 2145K, capacity 2321K, committed 2432K, reserved 1048576K
Event: 1.411 GC heap after
Heap after GC invocations=3 (full 0):
 PSYoungGen      total 37888K, used 5090K [0x00000000d6100000, 0x00000000dab00000, 0x0000000100000000)
  eden space 32768K, 0% used [0x00000000d6100000,0x00000000d6100000,0x00000000d8100000)
  from space 5120K, 99% used [0x00000000d8100000,0x00000000d85f8a30,0x00000000d8600000)
  to   space 5120K, 0% used [0x00000000da600000,0x00000000da600000,0x00000000dab00000)
 ParOldGen       total 86016K, used 3188K [0x0000000082200000, 0x0000000087600000, 0x00000000d6100000)
  object space 86016K, 3% used [0x0000000082200000,0x000000008251d118,0x0000000087600000)
 Metaspace       used 16840K, capacity 17670K, committed 18048K, reserved 1064960K
  class space    used 2145K, capacity 2321K, committed 2432K, reserved 1048576K
}
Event: 1.534 GC heap before
{Heap before GC invocations=4 (full 0):
 PSYoungGen      total 37888K, used 37858K [0x00000000d6100000, 0x00000000dab00000, 0x0000000100000000)
  eden space 32768K, 100% used [0x00000000d6100000,0x00000000d8100000,0x00000000d8100000)
  from space 5120K, 99% used [0x00000000d8100000,0x00000000d85f8a30,0x00000000d8600000)
  to   space 5120K, 0% used [0x00000000da600000,0x00000000da600000,0x00000000dab00000)
 ParOldGen       total 86016K, used 3188K [0x0000000082200000, 0x0000000087600000, 0x00000000d6100000)
  object space 86016K, 3% used [0x0000000082200000,0x000000008251d118,0x0000000087600000)
 Metaspace       used 20233K, capacity 21146K, committed 21248K, reserved 1067008K
  class space    used 2541K, capacity 2745K, committed 2816K, reserved 1048576K
Event: 1.542 GC heap after
Heap after GC invocations=4 (full 0):
 PSYoungGen      total 70656K, used 5094K [0x00000000d6100000, 0x00000000dab00000, 0x0000000100000000)
  eden space 65536K, 0% used [0x00000000d6100000,0x00000000d6100000,0x00000000da100000)
  from space 5120K, 99% used [0x00000000da600000,0x00000000daaf9b68,0x00000000dab00000)
  to   space 5120K, 0% used [0x00000000da100000,0x00000000da100000,0x00000000da600000)
 ParOldGen       total 86016K, used 6357K [0x0000000082200000, 0x0000000087600000, 0x00000000d6100000)
  object space 86016K, 7% used [0x0000000082200000,0x00000000828354f0,0x0000000087600000)
 Metaspace       used 20233K, capacity 21146K, committed 21248K, reserved 1067008K
  class space    used 2541K, capacity 2745K, committed 2816K, reserved 1048576K
}
Event: 1.543 GC heap before
{Heap before GC invocations=5 (full 0):
 PSYoungGen      total 70656K, used 5559K [0x00000000d6100000, 0x00000000dab00000, 0x0000000100000000)
  eden space 65536K, 0% used [0x00000000d6100000,0x00000000d6174350,0x00000000da100000)
  from space 5120K, 99% used [0x00000000da600000,0x00000000daaf9b68,0x00000000dab00000)
  to   space 5120K, 0% used [0x00000000da100000,0x00000000da100000,0x00000000da600000)
 ParOldGen       total 86016K, used 6357K [0x0000000082200000, 0x0000000087600000, 0x00000000d6100000)
  object space 86016K, 7% used [0x0000000082200000,0x00000000828354f0,0x0000000087600000)
 Metaspace       used 20233K, capacity 21146K, committed 21248K, reserved 1067008K
  class space    used 2541K, capacity 2745K, committed 2816K, reserved 1048576K
Event: 1.548 GC heap after
Heap after GC invocations=5 (full 0):
 PSYoungGen      total 70656K, used 5090K [0x00000000d6100000, 0x00000000dab00000, 0x0000000100000000)
  eden space 65536K, 0% used [0x00000000d6100000,0x00000000d6100000,0x00000000da100000)
  from space 5120K, 99% used [0x00000000da100000,0x00000000da5f8808,0x00000000da600000)
  to   space 5120K, 0% used [0x00000000da600000,0x00000000da600000,0x00000000dab00000)
 ParOldGen       total 86016K, used 6421K [0x0000000082200000, 0x0000000087600000, 0x00000000d6100000)
  object space 86016K, 7% used [0x0000000082200000,0x00000000828454f0,0x0000000087600000)
 Metaspace       used 20233K, capacity 21146K, committed 21248K, reserved 1067008K
  class space    used 2541K, capacity 2745K, committed 2816K, reserved 1048576K
}
Event: 1.548 GC heap before
{Heap before GC invocations=6 (full 1):
 PSYoungGen      total 70656K, used 5090K [0x00000000d6100000, 0x00000000dab00000, 0x0000000100000000)
  eden space 65536K, 0% used [0x00000000d6100000,0x00000000d6100000,0x00000000da100000)
  from space 5120K, 99% used [0x00000000da100000,0x00000000da5f8808,0x00000000da600000)
  to   space 5120K, 0% used [0x00000000da600000,0x00000000da600000,0x00000000dab00000)
 ParOldGen       total 86016K, used 6421K [0x0000000082200000, 0x0000000087600000, 0x00000000d6100000)
  object space 86016K, 7% used [0x0000000082200000,0x00000000828454f0,0x0000000087600000)
 Metaspace       used 20233K, capacity 21146K, committed 21248K, reserved 1067008K
  class space    used 2541K, capacity 2745K, committed 2816K, reserved 1048576K
Event: 1.574 GC heap after
Heap after GC invocations=6 (full 1):
 PSYoungGen      total 70656K, used 0K [0x00000000d6100000, 0x00000000dab00000, 0x0000000100000000)
  eden space 65536K, 0% used [0x00000000d6100000,0x00000000d6100000,0x00000000da100000)
  from space 5120K, 0% used [0x00000000da100000,0x00000000da100000,0x00000000da600000)
  to   space 5120K, 0% used [0x00000000da600000,0x00000000da600000,0x00000000dab00000)
 ParOldGen       total 47104K, used 8079K [0x0000000082200000, 0x0000000085000000, 0x00000000d6100000)
  object space 47104K, 17% used [0x0000000082200000,0x00000000829e3ef0,0x0000000085000000)
 Metaspace       used 20233K, capacity 21146K, committed 21248K, reserved 1067008K
  class space    used 2541K, capacity 2745K, committed 2816K, reserved 1048576K
}
Event: 1.730 GC heap before
{Heap before GC invocations=7 (full 1):
 PSYoungGen      total 70656K, used 65536K [0x00000000d6100000, 0x00000000dab00000, 0x0000000100000000)
  eden space 65536K, 100% used [0x00000000d6100000,0x00000000da100000,0x00000000da100000)
  from space 5120K, 0% used [0x00000000da100000,0x00000000da100000,0x00000000da600000)
  to   space 5120K, 0% used [0x00000000da600000,0x00000000da600000,0x00000000dab00000)
 ParOldGen       total 47104K, used 8079K [0x0000000082200000, 0x0000000085000000, 0x00000000d6100000)
  object space 47104K, 17% used [0x0000000082200000,0x00000000829e3ef0,0x0000000085000000)
 Metaspace       used 22214K, capacity 23202K, committed 23296K, reserved 1069056K
  class space    used 2824K, capacity 3045K, committed 3072K, reserved 1048576K
Event: 1.733 GC heap after
Heap after GC invocations=7 (full 1):
 PSYoungGen      total 70656K, used 3554K [0x00000000d6100000, 0x00000000dab00000, 0x0000000100000000)
  eden space 65536K, 0% used [0x00000000d6100000,0x00000000d6100000,0x00000000da100000)
  from space 5120K, 69% used [0x00000000da600000,0x00000000da978898,0x00000000dab00000)
  to   space 5120K, 0% used [0x00000000da100000,0x00000000da100000,0x00000000da600000)
 ParOldGen       total 47104K, used 8087K [0x0000000082200000, 0x0000000085000000, 0x00000000d6100000)
  object space 47104K, 17% used [0x0000000082200000,0x00000000829e5ef0,0x0000000085000000)
 Metaspace       used 22214K, capacity 23202K, committed 23296K, reserved 1069056K
  class space    used 2824K, capacity 3045K, committed 3072K, reserved 1048576K
}

