# JRE version: Java(TM) SE Runtime Environment (8.0_211-b12) (build 1.8.0_211-b12)
# Java VM: Java HotSpot(TM) 64-Bit Server VM (25.211-b12 mixed mode windows-amd64 compressed oops)
Heap:
 PSYoungGen      total 71680K, used 20331K [0x00000000d6100000, 0x00000000db100000, 0x0000000100000000)
  eden space 62464K, 28% used [0x00000000d6100000,0x00000000d7288870,0x00000000d9e00000)
  from space 9216K, 25% used [0x00000000da800000,0x00000000daa52468,0x00000000db100000)
  to   space 9728K, 0% used [0x00000000d9e00000,0x00000000d9e00000,0x00000000da780000)
 ParOldGen       total 44544K, used 5551K [0x0000000082200000, 0x0000000084d80000, 0x00000000d6100000)
  object space 44544K, 12% used [0x0000000082200000,0x000000008276bfc0,0x0000000084d80000)
 Metaspace       used 23465K, capacity 24624K, committed 24832K, reserved 1071104K
  class space    used 2975K, capacity 3218K, committed 3328K, reserved 1048576K
GC Heap History (10 events):
Event: 1.634 GC heap before
{Heap before GC invocations=5 (full 0):
 PSYoungGen      total 37888K, used 5830K [0x00000000d6100000, 0x00000000d8b00000, 0x0000000100000000)
  eden space 32768K, 2% used [0x00000000d6100000,0x00000000d61b4240,0x00000000d8100000)
  from space 5120K, 99% used [0x00000000d8600000,0x00000000d8afd6c8,0x00000000d8b00000)
  to   space 5120K, 0% used [0x00000000d8100000,0x00000000d8100000,0x00000000d8600000)
 ParOldGen       total 86016K, used 6282K [0x0000000082200000, 0x0000000087600000, 0x00000000d6100000)
  object space 86016K, 7% used [0x0000000082200000,0x0000000082822a00,0x0000000087600000)
 Metaspace       used 20231K, capacity 21198K, committed 21504K, reserved 1069056K
  class space    used 2538K, capacity 2741K, committed 2816K, reserved 1048576K
Event: 1.638 GC heap after
Heap after GC invocations=5 (full 0):
 PSYoungGen      total 37888K, used 5107K [0x00000000d6100000, 0x00000000d8b00000, 0x0000000100000000)
  eden space 32768K, 0% used [0x00000000d6100000,0x00000000d6100000,0x00000000d8100000)
  from space 5120K, 99% used [0x00000000d8100000,0x00000000d85fcda8,0x00000000d8600000)
  to   space 5120K, 0% used [0x00000000d8600000,0x00000000d8600000,0x00000000d8b00000)
 ParOldGen       total 86016K, used 6339K [0x0000000082200000, 0x0000000087600000, 0x00000000d6100000)
  object space 86016K, 7% used [0x0000000082200000,0x0000000082830c20,0x0000000087600000)
 Metaspace       used 20231K, capacity 21198K, committed 21504K, reserved 1069056K
  class space    used 2538K, capacity 2741K, committed 2816K, reserved 1048576K
}
Event: 1.653 GC heap before
{Heap before GC invocations=6 (full 0):
 PSYoungGen      total 37888K, used 10045K [0x00000000d6100000, 0x00000000d8b00000, 0x0000000100000000)
  eden space 32768K, 15% used [0x00000000d6100000,0x00000000d65d28b8,0x00000000d8100000)
  from space 5120K, 99% used [0x00000000d8100000,0x00000000d85fcda8,0x00000000d8600000)
  to   space 5120K, 0% used [0x00000000d8600000,0x00000000d8600000,0x00000000d8b00000)
 ParOldGen       total 86016K, used 6339K [0x0000000082200000, 0x0000000087600000, 0x00000000d6100000)
  object space 86016K, 7% used [0x0000000082200000,0x0000000082830c20,0x0000000087600000)
 Metaspace       used 20616K, capacity 21498K, committed 21628K, reserved 1069056K
  class space    used 2592K, capacity 2777K, committed 2816K, reserved 1048576K
Event: 1.657 GC heap after
Heap after GC invocations=6 (full 0):
 PSYoungGen      total 37888K, used 5113K [0x00000000d6100000, 0x00000000d8b00000, 0x0000000100000000)
  eden space 32768K, 0% used [0x00000000d6100000,0x00000000d6100000,0x00000000d8100000)
  from space 5120K, 99% used [0x00000000d8600000,0x00000000d8afe7f0,0x00000000d8b00000)
  to   space 5120K, 0% used [0x00000000d8100000,0x00000000d8100000,0x00000000d8600000)
 ParOldGen       total 86016K, used 6856K [0x0000000082200000, 0x0000000087600000, 0x00000000d6100000)
  object space 86016K, 7% used [0x0000000082200000,0x00000000828b2218,0x0000000087600000)
 Metaspace       used 20616K, capacity 21498K, committed 21628K, reserved 1069056K
  class space    used 2592K, capacity 2777K, committed 2816K, reserved 1048576K
}
Event: 1.657 GC heap before
{Heap before GC invocations=7 (full 1):
 PSYoungGen      total 37888K, used 5113K [0x00000000d6100000, 0x00000000d8b00000, 0x0000000100000000)
  eden space 32768K, 0% used [0x00000000d6100000,0x00000000d6100000,0x00000000d8100000)
  from space 5120K, 99% used [0x00000000d8600000,0x00000000d8afe7f0,0x00000000d8b00000)
  to   space 5120K, 0% used [0x00000000d8100000,0x00000000d8100000,0x00000000d8600000)
 ParOldGen       total 86016K, used 6856K [0x0000000082200000, 0x0000000087600000, 0x00000000d6100000)
  object space 86016K, 7% used [0x0000000082200000,0x00000000828b2218,0x0000000087600000)
 Metaspace       used 20616K, capacity 21498K, committed 21628K, reserved 1069056K
  class space    used 2592K, capacity 2777K, committed 2816K, reserved 1048576K
Event: 1.679 GC heap after
Heap after GC invocations=7 (full 1):
 PSYoungGen      total 37888K, used 0K [0x00000000d6100000, 0x00000000d8b00000, 0x0000000100000000)
  eden space 32768K, 0% used [0x00000000d6100000,0x00000000d6100000,0x00000000d8100000)
  from space 5120K, 0% used [0x00000000d8600000,0x00000000d8600000,0x00000000d8b00000)
  to   space 5120K, 0% used [0x00000000d8100000,0x00000000d8100000,0x00000000d8600000)
 ParOldGen       total 44544K, used 5535K [0x0000000082200000, 0x0000000084d80000, 0x00000000d6100000)
  object space 44544K, 12% used [0x0000000082200000,0x0000000082767fc0,0x0000000084d80000)
 Metaspace       used 20616K, capacity 21498K, committed 21628K, reserved 1069056K
  class space    used 2592K, capacity 2777K, committed 2816K, reserved 1048576K
}
Event: 1.767 GC heap before
{Heap before GC invocations=8 (full 1):
 PSYoungGen      total 37888K, used 32758K [0x00000000d6100000, 0x00000000d8b00000, 0x0000000100000000)
  eden space 32768K, 99% used [0x00000000d6100000,0x00000000d80fdb60,0x00000000d8100000)
  from space 5120K, 0% used [0x00000000d8600000,0x00000000d8600000,0x00000000d8b00000)
  to   space 5120K, 0% used [0x00000000d8100000,0x00000000d8100000,0x00000000d8600000)
 ParOldGen       total 44544K, used 5535K [0x0000000082200000, 0x0000000084d80000, 0x00000000d6100000)
  object space 44544K, 12% used [0x0000000082200000,0x0000000082767fc0,0x0000000084d80000)
 Metaspace       used 21620K, capacity 22610K, committed 22908K, reserved 1069056K
  class space    used 2763K, capacity 2973K, committed 3072K, reserved 1048576K
Event: 1.772 GC heap after
Heap after GC invocations=8 (full 1):
 PSYoungGen      total 37888K, used 1905K [0x00000000d6100000, 0x00000000db180000, 0x0000000100000000)
  eden space 32768K, 0% used [0x00000000d6100000,0x00000000d6100000,0x00000000d8100000)
  from space 5120K, 37% used [0x00000000d8100000,0x00000000d82dc618,0x00000000d8600000)
  to   space 9728K, 0% used [0x00000000da800000,0x00000000da800000,0x00000000db180000)
 ParOldGen       total 44544K, used 5543K [0x0000000082200000, 0x0000000084d80000, 0x00000000d6100000)
  object space 44544K, 12% used [0x0000000082200000,0x0000000082769fc0,0x0000000084d80000)
 Metaspace       used 21620K, capacity 22610K, committed 22908K, reserved 1069056K
  class space    used 2763K, capacity 2973K, committed 3072K, reserved 1048576K
}
Event: 1.946 GC heap before
{Heap before GC invocations=9 (full 1):
 PSYoungGen      total 37888K, used 34673K [0x00000000d6100000, 0x00000000db180000, 0x0000000100000000)
  eden space 32768K, 100% used [0x00000000d6100000,0x00000000d8100000,0x00000000d8100000)
  from space 5120K, 37% used [0x00000000d8100000,0x00000000d82dc618,0x00000000d8600000)
  to   space 9728K, 0% used [0x00000000da800000,0x00000000da800000,0x00000000db180000)
 ParOldGen       total 44544K, used 5543K [0x0000000082200000, 0x0000000084d80000, 0x00000000d6100000)
  object space 44544K, 12% used [0x0000000082200000,0x0000000082769fc0,0x0000000084d80000)
 Metaspace       used 22452K, capacity 23528K, committed 23552K, reserved 1069056K
  class space    used 2856K, capacity 3062K, committed 3072K, reserved 1048576K
Event: 1.950 GC heap after
Heap after GC invocations=9 (full 1):
 PSYoungGen      total 71680K, used 2377K [0x00000000d6100000, 0x00000000db100000, 0x0000000100000000)
  eden space 62464K, 0% used [0x00000000d6100000,0x00000000d6100000,0x00000000d9e00000)
  from space 9216K, 25% used [0x00000000da800000,0x00000000daa52468,0x00000000db100000)
  to   space 9728K, 0% used [0x00000000d9e00000,0x00000000d9e00000,0x00000000da780000)
 ParOldGen       total 44544K, used 5551K [0x0000000082200000, 0x0000000084d80000, 0x00000000d6100000)
  object space 44544K, 12% used [0x0000000082200000,0x000000008276bfc0,0x0000000084d80000)
 Metaspace       used 22452K, capacity 23528K, committed 23552K, reserved 1069056K
  class space    used 2856K, capacity 3062K, committed 3072K, reserved 1048576K
}

